0 verbose cli C:\Program Files\nodejs\node.exe C:\Program Files\nodejs\node_modules\npm\bin\npm-cli.js
1 info using npm@8.15.0
2 info using node@v16.17.1
3 timing npm:load:whichnode Completed in 1ms
4 timing config:load:defaults Completed in 2ms
5 timing config:load:file:C:\Program Files\nodejs\node_modules\npm\npmrc Completed in 3ms
6 timing config:load:builtin Completed in 3ms
7 timing config:load:cli Completed in 1ms
8 warn config tmp This setting is no longer used.  npm stores temporary files in a special
8 warn config location in the cache, and they are managed by
8 warn config     [`cacache`](http://npm.im/cacache).
9 timing config:load:env Completed in 1ms
10 timing config:load:file:C:\Users\christian.josh.cruz\Desktop\Assessments Projects\devops-assessment.christian.josh.cruz\react-front-end\.npmrc Completed in 1ms
11 timing config:load:project Completed in 4ms
12 timing config:load:file:C:\Users\christian.josh.cruz\.npmrc Completed in 0ms
13 timing config:load:user Completed in 0ms
14 timing config:load:file:C:\Users\christian.josh.cruz\Desktop\Assessments Projects\devops-assessment.christian.josh.cruz\react-front-end\npm\etc\npmrc Completed in 1ms
15 timing config:load:global Completed in 1ms
16 timing config:load:validate Completed in 0ms
17 timing config:load:credentials Completed in 1ms
18 timing config:load:setEnvs Completed in 0ms
19 timing config:load Completed in 13ms
20 timing npm:load:configload Completed in 13ms
21 timing npm:load:mkdirpcache Completed in 1ms
22 timing npm:load:mkdirplogs Completed in 1ms
23 verbose title npm run build
24 verbose argv "run" "build"
25 timing npm:load:setTitle Completed in 2ms
26 timing config:load:flatten Completed in 3ms
27 timing npm:load:display Completed in 4ms
28 verbose logfile logs-max:10 dir:C:\Users\christian.josh.cruz\Desktop\Assessments Projects\devops-assessment.christian.josh.cruz\react-front-end\npm\cache\_logs
29 verbose logfile C:\Users\christian.josh.cruz\Desktop\Assessments Projects\devops-assessment.christian.josh.cruz\react-front-end\npm\cache\_logs\2022-10-14T09_12_57_434Z-debug-0.log
30 timing npm:load:logFile Completed in 6ms
31 timing npm:load:timers Completed in 0ms
32 timing npm:load:configScope Completed in 0ms
33 timing npm:load Completed in 29ms
34 silly logfile start cleaning logs, removing 2 files
35 silly logfile done cleaning log files
36 timing command:run Completed in 21142ms
37 verbose exit 0
38 timing npm Completed in 21190ms
39 info ok
